<?xml version="1.0" encoding="UTF-8"?>
<!-- Generated by org.testng.reporters.JUnitXMLReporter -->
<testsuite ignored="0" hostname="8c85904b6388.ant.amazon.com" failures="0" tests="4" name="All Tests" time="5.044" errors="0" timestamp="2021-09-15T22:51:41 EEST">
  <testcase classname="tests.FlightsApiTests" name="getFlightApiStatusCodeTest" time="2.791"/>
  <testcase classname="tests.FlightsApiTests" name="getFlightApiResponseBodyTest" time="1.33"/>
  <testcase classname="tests.HotelsApiTests" name="postAsyncHotelsApiStatusCodeTest" time="0.488"/>
  <testcase classname="tests.HotelsApiTests" name="postAsyncHotelsApiResponseBodyTest" time="0.398"/>
</testsuite> <!-- All Tests -->
