<?xml version="1.0" encoding="UTF-8"?>
<!-- Generated by org.testng.reporters.JUnitXMLReporter -->
<testsuite ignored="0" hostname="8c85904b6388.ant.amazon.com" failures="0" tests="3" name="All Tests" time="4.523" errors="0" timestamp="2021-09-16T17:08:57 EEST">
  <testcase classname="tests.FlightsApiTests" name="getFlightApiPositiveTests" time="2.608"/>
  <testcase classname="tests.HotelsApiTests" name="postAsyncHotelsApiPositiveTests" time="1.515"/>
  <testcase classname="tests.HotelsApiTests" name="postAsyncHotelsApiWithInvalidTokenNegativeTest" time="0.369"/>
</testsuite> <!-- All Tests -->
