<?xml version="1.0" encoding="UTF-8"?>
<testng-results ignored="0" total="3" passed="3" failed="0" skipped="0">
  <reporter-output>
  </reporter-output>
  <suite started-at="2021-09-16T17:08:52 EEST" name="Suite" finished-at="2021-09-16T17:08:57 EEST" duration-ms="4523">
    <groups>
    </groups>
    <test started-at="2021-09-16T17:08:52 EEST" name="All Tests" finished-at="2021-09-16T17:08:57 EEST" duration-ms="4523">
      <class name="tests.FlightsApiTests">
        <test-method signature="getFlightApiPositiveTests()[pri:0, instance:tests.FlightsApiTests@3b2da18f]" started-at="2021-09-16T17:08:52 EEST" name="getFlightApiPositiveTests" finished-at="2021-09-16T17:08:55 EEST" duration-ms="2608" status="PASS">
          <reporter-output>
          </reporter-output>
        </test-method> <!-- getFlightApiPositiveTests -->
      </class> <!-- tests.FlightsApiTests -->
      <class name="tests.HotelsApiTests">
        <test-method signature="postAsyncHotelsApiPositiveTests()[pri:0, instance:tests.HotelsApiTests@5906ebcb]" started-at="2021-09-16T17:08:55 EEST" name="postAsyncHotelsApiPositiveTests" finished-at="2021-09-16T17:08:56 EEST" duration-ms="1515" status="PASS">
          <reporter-output>
          </reporter-output>
        </test-method> <!-- postAsyncHotelsApiPositiveTests -->
        <test-method signature="postAsyncHotelsApiWithInvalidTokenNegativeTest()[pri:0, instance:tests.HotelsApiTests@5906ebcb]" started-at="2021-09-16T17:08:56 EEST" name="postAsyncHotelsApiWithInvalidTokenNegativeTest" finished-at="2021-09-16T17:08:57 EEST" duration-ms="369" status="PASS">
          <reporter-output>
          </reporter-output>
        </test-method> <!-- postAsyncHotelsApiWithInvalidTokenNegativeTest -->
      </class> <!-- tests.HotelsApiTests -->
    </test> <!-- All Tests -->
  </suite> <!-- Suite -->
</testng-results>
