<?xml version="1.0" encoding="UTF-8"?>
<testng-results ignored="0" total="1" passed="1" failed="0" skipped="0">
  <reporter-output>
  </reporter-output>
  <suite started-at="2021-09-16T17:23:52 EEST" name="Suite" finished-at="2021-09-16T17:23:56 EEST" duration-ms="3478">
    <groups>
    </groups>
    <test started-at="2021-09-16T17:23:52 EEST" name="Flight Api&#039;s Tests" finished-at="2021-09-16T17:23:56 EEST" duration-ms="3478">
      <class name="tests.FlightsApiTests">
        <test-method signature="getFlightApiPositiveTests()[pri:0, instance:tests.FlightsApiTests@23282c25]" started-at="2021-09-16T17:23:52 EEST" name="getFlightApiPositiveTests" finished-at="2021-09-16T17:23:56 EEST" duration-ms="3445" status="PASS">
          <reporter-output>
          </reporter-output>
        </test-method> <!-- getFlightApiPositiveTests -->
      </class> <!-- tests.FlightsApiTests -->
    </test> <!-- Flight Api's Tests -->
  </suite> <!-- Suite -->
</testng-results>
