<?xml version="1.0" encoding="UTF-8"?>
<testng-results skipped="0" failed="0" ignored="0" total="2" passed="2">
  <reporter-output>
  </reporter-output>
  <suite name="Suite" duration-ms="3939" started-at="2021-09-15T14:52:52 EEST" finished-at="2021-09-15T14:52:56 EEST">
    <groups>
    </groups>
    <test name="Test" duration-ms="3939" started-at="2021-09-15T14:52:52 EEST" finished-at="2021-09-15T14:52:56 EEST">
      <class name="tests.FlightsApiTest">
        <test-method status="PASS" signature="flightApiResponseBodyTest()[pri:0, instance:tests.FlightsApiTest@3891771e]" name="flightApiResponseBodyTest" duration-ms="3015" started-at="2021-09-15T14:52:52 EEST" finished-at="2021-09-15T14:52:55 EEST">
          <reporter-output>
          </reporter-output>
        </test-method> <!-- flightApiResponseBodyTest -->
        <test-method status="PASS" signature="flightApiStatusCodeTest()[pri:0, instance:tests.FlightsApiTest@3891771e]" name="flightApiStatusCodeTest" duration-ms="884" started-at="2021-09-15T14:52:55 EEST" finished-at="2021-09-15T14:52:56 EEST">
          <reporter-output>
          </reporter-output>
        </test-method> <!-- flightApiStatusCodeTest -->
      </class> <!-- tests.FlightsApiTest -->
    </test> <!-- Test -->
  </suite> <!-- Suite -->
</testng-results>
